Arguments: 
  /usr/bin/nodejs /usr/share/yarn/bin/yarn.js add cookiejs

PATH: 
  /home/lekanterragon/Norman/bin:/home/lekanterragon/perl5/bin:/Android/Sdk/tools:platform-tools:/home/lekanterragon/GoProjects/bin:/usr/local/go/bin:/usr/local/sbin:/usr/local/bin:/usr/sbin:/usr/bin:/sbin:/bin:/usr/games:/usr/local/games:/snap/bin:/usr/lib/jvm/java-8-oracle/bin:/usr/lib/jvm/java-8-oracle/db/bin:/usr/lib/jvm/java-8-oracle/jre/bin:platform-tools/adb

Yarn version: 
  0.16.1

Node version: 
  6.9.2

Platform: 
  linux x64

npm manifest: 
  {
    "dependencies": {
      "sweetalert2": "^6.4.3"
    }
  }

yarn manifest: 
  No manifest

bower manifest: 
  No manifest

Lockfile: 
  # THIS IS AN AUTOGENERATED FILE. DO NOT EDIT THIS FILE DIRECTLY.
  # yarn lockfile v1
  es6-promise@^4.0.5:
    version "4.1.0"
    resolved "https://registry.yarnpkg.com/es6-promise/-/es6-promise-4.1.0.tgz#dda03ca8f9f89bc597e689842929de7ba8cebdf0"
  
  sweetalert2:
    version "6.4.3"
    resolved "https://registry.yarnpkg.com/sweetalert2/-/sweetalert2-6.4.3.tgz#eeec8a9c0927699a4e0657508caca6053b0acf2f"
    dependencies:
      es6-promise "^4.0.5"

Trace: 
  Error: EACCES: permission denied, unlink '/home/lekanterragon/Desktop/Norman/Norman/static/libs/node_modules/.yarn-integrity'
      at Error (native)
